Performing C SOURCE FILE Test CMAKE_HAVE_LIBC_PTHREAD failed with the following output:
Change Dir: /home/home01/elade/Codes/IneosTest/build/CMakeFiles/CMakeTmp

Run Build Command(s):/usr/bin/gmake cmTC_b3448/fast && /usr/bin/gmake -f CMakeFiles/cmTC_b3448.dir/build.make CMakeFiles/cmTC_b3448.dir/build
gmake[1]: Entering directory `/home/home01/elade/Codes/IneosTest/build/CMakeFiles/CMakeTmp'
Building C object CMakeFiles/cmTC_b3448.dir/src.c.o
/apps/developers/compilers/intel/19.0.4/1/default/compilers_and_libraries_2019.4.243/linux/bin/intel64/icc   -DCMAKE_HAVE_LIBC_PTHREAD   -o CMakeFiles/cmTC_b3448.dir/src.c.o   -c /home/home01/elade/Codes/IneosTest/build/CMakeFiles/CMakeTmp/src.c
Linking C executable cmTC_b3448
/apps/infrastructure/cmake/3.15.1/1/default/bin/cmake -E cmake_link_script CMakeFiles/cmTC_b3448.dir/link.txt --verbose=1
/apps/developers/compilers/intel/19.0.4/1/default/compilers_and_libraries_2019.4.243/linux/bin/intel64/icc  -DCMAKE_HAVE_LIBC_PTHREAD    -rdynamic CMakeFiles/cmTC_b3448.dir/src.c.o  -o cmTC_b3448 
CMakeFiles/cmTC_b3448.dir/src.c.o: In function `main':
src.c:(.text+0x39): undefined reference to `pthread_create'
src.c:(.text+0x42): undefined reference to `pthread_detach'
src.c:(.text+0x4d): undefined reference to `pthread_join'
src.c:(.text+0x58): undefined reference to `pthread_atfork'
gmake[1]: *** [cmTC_b3448] Error 1
gmake[1]: Leaving directory `/home/home01/elade/Codes/IneosTest/build/CMakeFiles/CMakeTmp'
gmake: *** [cmTC_b3448/fast] Error 2


Source file was:
#include <pthread.h>

void* test_func(void* data)
{
  return data;
}

int main(void)
{
  pthread_t thread;
  pthread_create(&thread, NULL, test_func, NULL);
  pthread_detach(thread);
  pthread_join(thread, NULL);
  pthread_atfork(NULL, NULL, NULL);
  pthread_exit(NULL);

  return 0;
}

Determining if the function pthread_create exists in the pthreads failed with the following output:
Change Dir: /home/home01/elade/Codes/IneosTest/build/CMakeFiles/CMakeTmp

Run Build Command(s):/usr/bin/gmake cmTC_b4129/fast && /usr/bin/gmake -f CMakeFiles/cmTC_b4129.dir/build.make CMakeFiles/cmTC_b4129.dir/build
gmake[1]: Entering directory `/home/home01/elade/Codes/IneosTest/build/CMakeFiles/CMakeTmp'
Building C object CMakeFiles/cmTC_b4129.dir/CheckFunctionExists.c.o
/apps/developers/compilers/intel/19.0.4/1/default/compilers_and_libraries_2019.4.243/linux/bin/intel64/icc   -DCHECK_FUNCTION_EXISTS=pthread_create   -o CMakeFiles/cmTC_b4129.dir/CheckFunctionExists.c.o   -c /apps/infrastructure/cmake/3.15.1/1/default/share/cmake-3.15/Modules/CheckFunctionExists.c
Linking C executable cmTC_b4129
/apps/infrastructure/cmake/3.15.1/1/default/bin/cmake -E cmake_link_script CMakeFiles/cmTC_b4129.dir/link.txt --verbose=1
/apps/developers/compilers/intel/19.0.4/1/default/compilers_and_libraries_2019.4.243/linux/bin/intel64/icc  -DCHECK_FUNCTION_EXISTS=pthread_create    -rdynamic CMakeFiles/cmTC_b4129.dir/CheckFunctionExists.c.o  -o cmTC_b4129 -lpthreads 
ld: cannot find -lpthreads
gmake[1]: *** [cmTC_b4129] Error 1
gmake[1]: Leaving directory `/home/home01/elade/Codes/IneosTest/build/CMakeFiles/CMakeTmp'
gmake: *** [cmTC_b4129/fast] Error 2



